<?xml version="1.0" encoding="UTF-8"?>
<!-- Generated by org.testng.reporters.JUnitXMLReporter -->
<testsuite hostname="Sureshkumar" name="OpenTapsLeads" tests="6" failures="0" timestamp="3 Apr 2016 14:13:25 GMT" time="644.694" errors="0">
  <testcase name="login" time="13.636" classname="testcases.TC001_Login"/>
  <testcase name="login" time="10.883" classname="testcases.TC001_Login"/>
  <testcase name="CreateLead" time="65.593" classname="testcases.TC02_CreateLead"/>
  <testcase name="editLead" time="178.028" classname="testcases.TC03_EditLead"/>
  <testcase name="DeleteLead" time="108.396" classname="testcases.TC04_DeleteLead"/>
  <testcase name="CreateLead" time="117.315" classname="testcases.TC05_MergeLead"/>
</testsuite> <!-- OpenTapsLeads -->
